<?xml version="1.0" encoding="UTF-8"?>
<coverage generated="1652270229092" clover="3.2.0">
  <project timestamp="1652270229092" name="All files">
    <metrics statements="23" coveredstatements="18" conditionals="9" coveredconditionals="8" methods="4" coveredmethods="4" elements="36" coveredelements="30" complexity="0" loc="23" ncloc="23" packages="1" files="4" classes="4"/>
    <file name="calculator.js" path="C:\Users\kwent\Desktop\Microverse\Module 2\Testing-practice\calculator.js">
      <metrics statements="12" coveredstatements="8" conditionals="5" coveredconditionals="5" methods="1" coveredmethods="1"/>
      <line num="1" count="1" type="stmt"/>
      <line num="2" count="11" type="cond" truecount="5" falsecount="0"/>
      <line num="4" count="2" type="stmt"/>
      <line num="5" count="0" type="stmt"/>
      <line num="7" count="2" type="stmt"/>
      <line num="8" count="0" type="stmt"/>
      <line num="10" count="2" type="stmt"/>
      <line num="11" count="0" type="stmt"/>
      <line num="13" count="3" type="stmt"/>
      <line num="14" count="0" type="stmt"/>
      <line num="16" count="2" type="stmt"/>
      <line num="19" count="1" type="stmt"/>
    </file>
    <file name="capitalize.js" path="C:\Users\kwent\Desktop\Microverse\Module 2\Testing-practice\capitalize.js">
      <metrics statements="3" coveredstatements="3" conditionals="0" coveredconditionals="0" methods="1" coveredmethods="1"/>
      <line num="1" count="1" type="stmt"/>
      <line num="2" count="1" type="stmt"/>
      <line num="4" count="1" type="stmt"/>
    </file>
    <file name="reverseString.js" path="C:\Users\kwent\Desktop\Microverse\Module 2\Testing-practice\reverseString.js">
      <metrics statements="3" coveredstatements="3" conditionals="0" coveredconditionals="0" methods="1" coveredmethods="1"/>
      <line num="1" count="1" type="stmt"/>
      <line num="2" count="1" type="stmt"/>
      <line num="5" count="1" type="stmt"/>
    </file>
    <file name="stringLength.js" path="C:\Users\kwent\Desktop\Microverse\Module 2\Testing-practice\stringLength.js">
      <metrics statements="5" coveredstatements="4" conditionals="4" coveredconditionals="3" methods="1" coveredmethods="1"/>
      <line num="1" count="1" type="stmt"/>
      <line num="2" count="3" type="cond" truecount="3" falsecount="1"/>
      <line num="3" count="0" type="stmt"/>
      <line num="5" count="1" type="stmt"/>
      <line num="9" count="1" type="stmt"/>
    </file>
  </project>
</coverage>
