TN:
SF:calculator.js
FN:1,(anonymous_0)
FNF:1
FNH:1
FNDA:11,(anonymous_0)
DA:1,1
DA:2,11
DA:4,2
DA:5,0
DA:7,2
DA:8,0
DA:10,2
DA:11,0
DA:13,3
DA:14,0
DA:16,2
DA:19,1
LF:12
LH:8
BRDA:2,0,0,2
BRDA:2,0,1,2
BRDA:2,0,2,2
BRDA:2,0,3,3
BRDA:2,0,4,2
BRF:5
BRH:5
end_of_record
TN:
SF:reverseString.js
FN:1,(anonymous_0)
FNF:1
FNH:1
FNDA:1,(anonymous_0)
DA:1,1
DA:2,1
DA:5,1
LF:3
LH:3
BRF:0
BRH:0
end_of_record
TN:
SF:stringLength.js
FN:1,(anonymous_0)
FNF:1
FNH:1
FNDA:3,(anonymous_0)
DA:1,1
DA:2,3
DA:3,0
DA:5,1
DA:9,1
LF:5
LH:4
BRDA:2,0,0,0
BRDA:2,0,1,1
BRDA:2,1,0,3
BRDA:2,1,1,1
BRF:4
BRH:3
end_of_record
